Reading netlist file: "/home/timo/Verilog/8sc_tang_nano_20k/impl/gwsynthesis/8sc_tang_nano_20k.vg"
Parsing netlist file "/home/timo/Verilog/8sc_tang_nano_20k/impl/gwsynthesis/8sc_tang_nano_20k.vg" completed
Processing netlist completed
Reading constraint file: "/home/timo/Verilog/8sc_tang_nano_20k/src/8sc_tang_nano_20k.cst"
Physical Constraint parsed completed
Running placement......
[10%] Placement Phase 0 completed
[20%] Placement Phase 1 completed
[30%] Placement Phase 2 completed
WARN  (TA1132) :  'clk' was determined to be a clock but was not created.
[50%] Placement Phase 3 completed
Running routing......
[60%] Routing Phase 0 completed
[70%] Routing Phase 1 completed
[80%] Routing Phase 2 completed
WARN  (PR1014) : Generic routing resource will be used to clock signal 'clk_d' by the specified constraint. And then it may lead to the excessive delay or skew
[90%] Routing Phase 3 completed
Running timing analysis......
[95%] Timing analysis completed
Placement and routing completed
Bitstream generation in progress......
Bitstream generation completed
Running power analysis......
[100%] Power analysis completed
Generate file "/home/timo/Verilog/8sc_tang_nano_20k/impl/pnr/8sc_tang_nano_20k.power.html" completed
Generate file "/home/timo/Verilog/8sc_tang_nano_20k/impl/pnr/8sc_tang_nano_20k.pin.html" completed
Generate file "/home/timo/Verilog/8sc_tang_nano_20k/impl/pnr/8sc_tang_nano_20k.rpt.html" completed
Generate file "/home/timo/Verilog/8sc_tang_nano_20k/impl/pnr/8sc_tang_nano_20k.rpt.txt" completed
Generate file "/home/timo/Verilog/8sc_tang_nano_20k/impl/pnr/8sc_tang_nano_20k.tr.html" completed
Fri May  9 22:32:18 2025

